c:\users\damia\source\repos\tgbot\tgbot\x64\debug\vc143.pdb
c:\users\damia\source\repos\tgbot\tgbot\x64\debug\vc143.idb
c:\users\damia\source\repos\tgbot\tgbot\x64\debug\mytgbot.obj
c:\users\damia\source\repos\tgbot\tgbot\x64\debug\functionality.obj
c:\users\damia\source\repos\tgbot\x64\debug\tgbot.exe
c:\users\damia\source\repos\tgbot\x64\debug\tgbot.pdb
c:\users\damia\source\repos\tgbot\x64\debug\sqlitecpp.dll
c:\users\damia\source\repos\tgbot\x64\debug\sqlite3.dll
c:\users\damia\source\repos\tgbot\x64\debug\tgbot.dll
c:\users\damia\source\repos\tgbot\x64\debug\libssl-3-x64.dll
c:\users\damia\source\repos\tgbot\x64\debug\libcrypto-3-x64.dll
c:\users\damia\source\repos\tgbot\x64\debug\libcurl-d.dll
c:\users\damia\source\repos\tgbot\x64\debug\zlibd1.dll
c:\users\damia\source\repos\tgbot\tgbot\x64\debug\tgbot.ilk
c:\users\damia\source\repos\tgbot\tgbot\x64\debug\tgbot.tlog\cl.command.1.tlog
c:\users\damia\source\repos\tgbot\tgbot\x64\debug\tgbot.tlog\cl.items.tlog
c:\users\damia\source\repos\tgbot\tgbot\x64\debug\tgbot.tlog\cl.read.1.tlog
c:\users\damia\source\repos\tgbot\tgbot\x64\debug\tgbot.tlog\cl.write.1.tlog
c:\users\damia\source\repos\tgbot\tgbot\x64\debug\tgbot.tlog\link.command.1.tlog
c:\users\damia\source\repos\tgbot\tgbot\x64\debug\tgbot.tlog\link.read.1.tlog
c:\users\damia\source\repos\tgbot\tgbot\x64\debug\tgbot.tlog\link.secondary.1.tlog
c:\users\damia\source\repos\tgbot\tgbot\x64\debug\tgbot.tlog\link.write.1.tlog
c:\users\damia\source\repos\tgbot\tgbot\x64\debug\tgbot.tlog\tgbot.write.1u.tlog
